<?xml version="1.0" encoding="UTF-8"?>
<coverage generated="1729422989831" clover="3.2.0">
  <project timestamp="1729422989831" name="All files">
    <metrics statements="12" coveredstatements="6" conditionals="2" coveredconditionals="0" methods="4" coveredmethods="3" elements="18" coveredelements="9" complexity="0" loc="12" ncloc="12" packages="1" files="2" classes="2"/>
    <file name="0-constants.js" path="/home/mugisha/alx-backend-javascript/0x00-ES6_basic/0-constants.js">
      <metrics statements="6" coveredstatements="6" conditionals="0" coveredconditionals="0" methods="3" coveredmethods="3"/>
      <line num="2" count="1" type="stmt"/>
      <line num="3" count="1" type="stmt"/>
      <line num="7" count="1" type="stmt"/>
      <line num="11" count="1" type="stmt"/>
      <line num="12" count="1" type="stmt"/>
      <line num="14" count="1" type="stmt"/>
    </file>
    <file name="1-block-scoped.js" path="/home/mugisha/alx-backend-javascript/0x00-ES6_basic/1-block-scoped.js">
      <metrics statements="6" coveredstatements="0" conditionals="2" coveredconditionals="0" methods="1" coveredmethods="0"/>
      <line num="2" count="0" type="stmt"/>
      <line num="3" count="0" type="stmt"/>
      <line num="5" count="0" type="cond" truecount="0" falsecount="2"/>
      <line num="6" count="0" type="stmt"/>
      <line num="7" count="0" type="stmt"/>
      <line num="10" count="0" type="stmt"/>
    </file>
  </project>
</coverage>
